Arguments: 
  C:\Program Files\nodejs\node.exe C:\Users\Nemanja\.node\corepack\yarn\1.22.15\bin\yarn.js add cloudinary multer-storage-cloudinary

PATH: 
  C:\Program Files\Java\jdk1.8.0_251\bin;C:\Program Files (x86)\Common Files\Oracle\Java\javapath;C:\WINDOWS\system32;C:\WINDOWS;C:\WINDOWS\System32\Wbem;C:\WINDOWS\System32\WindowsPowerShell\v1.0\;C:\WINDOWS\System32\OpenSSH\;C:\Program Files\Git\cmd;C:\Program Files (x86)\ZeroTier\One\;C:\Program Files\MongoDB\Server\4.2\bin;C:\Program Files\nodejs\;C:\Program Files\MongoDB\Server\5.0\bin;C:\Program Files\Go\bin;C:\Users\Nemanja\AppData\Local\Microsoft\WindowsApps;;C:\Program Files\JetBrains\IntelliJ IDEA Community Edition 2020.1\bin;;C:\Program Files\heroku\bin;C:\Users\Nemanja\AppData\Roaming\npm;C:\Users\Nemanja\AppData\Local\Programs\Microsoft VS Code\bin;C:\Users\Nemanja\go\bin

Yarn version: 
  1.22.15

Node version: 
  16.13.0

Platform: 
  win32 x64

Trace: 
  Error: EPERM: operation not permitted, unlink 'C:\Users\Nemanja\Desktop\wkouter\backend\node_modules\sharp\build\Release\libglib-2.0-0.dll'

npm manifest: 
  {
    "name": "workouter",
    "version": "1.0.0",
    "description": "Workout logging app",
    "main": "app.js",
    "scripts": {
      "start": "node server.js",
      "dev": "nodemon server.js",
      "start:prod": "NODE_ENV=production nodemon server.js",
      "debug": "ndb server.js"
    },
    "author": "Nemanja Jezdic",
    "license": "ISC",
    "dependencies": {
      "bcryptjs": "^2.4.3",
      "compression": "^1.7.4",
      "cors": "^2.8.5",
      "dotenv": "^7.0.0",
      "express": "^4.16.4",
      "express-mongo-sanitize": "^1.3.2",
      "express-rate-limit": "^3.5.0",
      "helmet": "^3.16.0",
      "hpp": "^0.2.2",
      "jsonwebtoken": "^8.5.1",
      "mongoose": "^5.5.2",
      "morgan": "^1.9.1",
      "multer": "^1.4.4",
      "sharp": "^0.29.3",
      "validator": "^10.11.0",
      "xss-clean": "^0.1.1"
    },
    "devDependencies": {
      "prettier": "^1.17.0"
    },
    "engines": {
      "node": "^16"
    }
  }

yarn manifest: 
  No manifest

Lockfile: 
  No lockfile
